<?xml version="1.0" encoding="UTF-8"?>
<testsuite xmlns:xsi="http://www.w3.org/2001/XMLSchema-instance" xsi:noNamespaceSchemaLocation="https://maven.apache.org/surefire/maven-surefire-plugin/xsd/surefire-test-report-3.0.xsd" version="3.0" name="pe.edu.pucp.squirlearn.dao.item.CategoriaDaoTest" time="5.081" tests="5" errors="5" skipped="0" failures="0">
  <properties>
    <property name="java.specification.version" value="24"/>
    <property name="sun.cpu.isalist" value="amd64"/>
    <property name="sun.jnu.encoding" value="Cp1252"/>
    <property name="java.class.path" value="D:\PUCP\Squirlearn\SquirlearnPersistance\target\test-classes;D:\PUCP\Squirlearn\SquirlearnPersistance\target\classes;C:\Users\gabri\.m2\repository\com\mycompany\SquirlearnDBManager\1.0-SNAPSHOT\SquirlearnDBManager-1.0-SNAPSHOT.jar;C:\Users\gabri\.m2\repository\commons-codec\commons-codec\1.18.0\commons-codec-1.18.0.jar;C:\Users\gabri\.m2\repository\com\mysql\mysql-connector-j\9.2.0\mysql-connector-j-9.2.0.jar;C:\Users\gabri\.m2\repository\com\google\protobuf\protobuf-java\4.29.0\protobuf-java-4.29.0.jar;C:\Users\gabri\.m2\repository\com\mycompany\SquirlearnModel\1.0-SNAPSHOT\SquirlearnModel-1.0-SNAPSHOT.jar;C:\Users\gabri\.m2\repository\org\junit\jupiter\junit-jupiter-api\5.10.3\junit-jupiter-api-5.10.3.jar;C:\Users\gabri\.m2\repository\org\opentest4j\opentest4j\1.3.0\opentest4j-1.3.0.jar;C:\Users\gabri\.m2\repository\org\junit\platform\junit-platform-commons\1.10.3\junit-platform-commons-1.10.3.jar;C:\Users\gabri\.m2\repository\org\apiguardian\apiguardian-api\1.1.2\apiguardian-api-1.1.2.jar;C:\Users\gabri\.m2\repository\org\junit\jupiter\junit-jupiter-params\5.10.3\junit-jupiter-params-5.10.3.jar;C:\Users\gabri\.m2\repository\org\junit\jupiter\junit-jupiter-engine\5.10.3\junit-jupiter-engine-5.10.3.jar;C:\Users\gabri\.m2\repository\org\junit\platform\junit-platform-engine\1.10.3\junit-platform-engine-1.10.3.jar;"/>
    <property name="java.vm.vendor" value="Oracle Corporation"/>
    <property name="sun.arch.data.model" value="64"/>
    <property name="user.variant" value=""/>
    <property name="java.vendor.url" value="https://java.oracle.com/"/>
    <property name="user.timezone" value="America/Lima"/>
    <property name="os.name" value="Windows 11"/>
    <property name="java.vm.specification.version" value="24"/>
    <property name="user.country" value="PE"/>
    <property name="sun.java.launcher" value="SUN_STANDARD"/>
    <property name="sun.boot.library.path" value="C:\Users\gabri\Downloads\jdk-24_windows-x64_bin\jdk-24.0.2\bin"/>
    <property name="sun.java.command" value="C:\Users\gabri\AppData\Local\Temp\surefire2349019914011322913\surefirebooter-20251008081800611_3.jar C:\Users\gabri\AppData\Local\Temp\surefire2349019914011322913 2025-10-08T08-18-00_474-jvmRun1 surefire-20251008081800611_1tmp surefire_0-20251008081800611_2tmp"/>
    <property name="jdk.debug" value="release"/>
    <property name="surefire.test.class.path" value="D:\PUCP\Squirlearn\SquirlearnPersistance\target\test-classes;D:\PUCP\Squirlearn\SquirlearnPersistance\target\classes;C:\Users\gabri\.m2\repository\com\mycompany\SquirlearnDBManager\1.0-SNAPSHOT\SquirlearnDBManager-1.0-SNAPSHOT.jar;C:\Users\gabri\.m2\repository\commons-codec\commons-codec\1.18.0\commons-codec-1.18.0.jar;C:\Users\gabri\.m2\repository\com\mysql\mysql-connector-j\9.2.0\mysql-connector-j-9.2.0.jar;C:\Users\gabri\.m2\repository\com\google\protobuf\protobuf-java\4.29.0\protobuf-java-4.29.0.jar;C:\Users\gabri\.m2\repository\com\mycompany\SquirlearnModel\1.0-SNAPSHOT\SquirlearnModel-1.0-SNAPSHOT.jar;C:\Users\gabri\.m2\repository\org\junit\jupiter\junit-jupiter-api\5.10.3\junit-jupiter-api-5.10.3.jar;C:\Users\gabri\.m2\repository\org\opentest4j\opentest4j\1.3.0\opentest4j-1.3.0.jar;C:\Users\gabri\.m2\repository\org\junit\platform\junit-platform-commons\1.10.3\junit-platform-commons-1.10.3.jar;C:\Users\gabri\.m2\repository\org\apiguardian\apiguardian-api\1.1.2\apiguardian-api-1.1.2.jar;C:\Users\gabri\.m2\repository\org\junit\jupiter\junit-jupiter-params\5.10.3\junit-jupiter-params-5.10.3.jar;C:\Users\gabri\.m2\repository\org\junit\jupiter\junit-jupiter-engine\5.10.3\junit-jupiter-engine-5.10.3.jar;C:\Users\gabri\.m2\repository\org\junit\platform\junit-platform-engine\1.10.3\junit-platform-engine-1.10.3.jar;"/>
    <property name="sun.cpu.endian" value="little"/>
    <property name="user.home" value="C:\Users\gabri"/>
    <property name="user.language" value="es"/>
    <property name="java.specification.vendor" value="Oracle Corporation"/>
    <property name="java.version.date" value="2025-07-15"/>
    <property name="java.home" value="C:\Users\gabri\Downloads\jdk-24_windows-x64_bin\jdk-24.0.2"/>
    <property name="file.separator" value="\"/>
    <property name="basedir" value="D:\PUCP\Squirlearn\SquirlearnPersistance"/>
    <property name="java.vm.compressedOopsMode" value="Zero based"/>
    <property name="line.separator" value="&#10;"/>
    <property name="java.vm.specification.vendor" value="Oracle Corporation"/>
    <property name="java.specification.name" value="Java Platform API Specification"/>
    <property name="surefire.real.class.path" value="C:\Users\gabri\AppData\Local\Temp\surefire2349019914011322913\surefirebooter-20251008081800611_3.jar"/>
    <property name="user.script" value=""/>
    <property name="sun.management.compiler" value="HotSpot 64-Bit Tiered Compilers"/>
    <property name="java.runtime.version" value="24.0.2+12-54"/>
    <property name="user.name" value="gabri"/>
    <property name="stdout.encoding" value="Cp1252"/>
    <property name="path.separator" value=";"/>
    <property name="os.version" value="10.0"/>
    <property name="java.runtime.name" value="Java(TM) SE Runtime Environment"/>
    <property name="file.encoding" value="UTF-8"/>
    <property name="java.vm.name" value="Java HotSpot(TM) 64-Bit Server VM"/>
    <property name="maven.ext.class.path" value="C:\Program Files\NetBeans-21\netbeans\java\maven-nblib\netbeans-eventspy.jar"/>
    <property name="localRepository" value="C:\Users\gabri\.m2\repository"/>
    <property name="java.vendor.url.bug" value="https://bugreport.java.com/bugreport/"/>
    <property name="java.io.tmpdir" value="C:\Users\gabri\AppData\Local\Temp\"/>
    <property name="java.version" value="24.0.2"/>
    <property name="user.dir" value="D:\PUCP\Squirlearn\SquirlearnPersistance"/>
    <property name="os.arch" value="amd64"/>
    <property name="java.vm.specification.name" value="Java Virtual Machine Specification"/>
    <property name="sun.os.patch.level" value=""/>
    <property name="native.encoding" value="Cp1252"/>
    <property name="java.library.path" value="C:\Users\gabri\Downloads\jdk-24_windows-x64_bin\jdk-24.0.2\bin;C:\Windows\Sun\Java\bin;C:\Windows\system32;C:\Windows;C:\Program Files\Oracle Client for Microsoft Tools\;C:\Program Files\Common Files\Oracle\Java\javapath;C:\Windows\system32;C:\Windows;C:\Windows\System32\Wbem;C:\Windows\System32\WindowsPowerShell\v1.0\;C:\Windows\System32\OpenSSH\;C:\Program Files (x86)\NVIDIA Corporation\PhysX\Common;C:\Program Files\NVIDIA Corporation\NVIDIA NvDLISR;C:\Windows\system32;C:\Windows;C:\Windows\System32\Wbem;C:\Windows\System32\WindowsPowerShell\v1.0\;C:\Windows\System32\OpenSSH\;c:\MinGw\bin;c:\MinGW\MSYS\1.0\bin;C:\Program Files\dotnet\;C:\Program Files\Microsoft SQL Server\150\Tools\Binn\;C:\Program Files\Microsoft SQL Server\Client SDK\ODBC\170\Tools\Binn\;C:\Users\gabri\AppData\Local\Microsoft\WindowsApps;C:\Users\gabri\AppData\Local\GitHubDesktop\bin;C:\Users\gabri\.dotnet\tools;."/>
    <property name="java.vm.info" value="mixed mode, sharing"/>
    <property name="stderr.encoding" value="Cp1252"/>
    <property name="java.vendor" value="Oracle Corporation"/>
    <property name="java.vm.version" value="24.0.2+12-54"/>
    <property name="sun.io.unicode.encoding" value="UnicodeLittle"/>
    <property name="java.class.version" value="68.0"/>
  </properties>
  <testcase name="testModificar" classname="pe.edu.pucp.squirlearn.dao.item.CategoriaDaoTest" time="1.003">
    <error message="class java.util.Date cannot be cast to class java.sql.Date (java.util.Date is in module java.base of loader &apos;bootstrap&apos;; java.sql.Date is in module java.sql of loader &apos;platform&apos;)" type="java.lang.ClassCastException"><![CDATA[java.lang.ClassCastException: class java.util.Date cannot be cast to class java.sql.Date (java.util.Date is in module java.base of loader 'bootstrap'; java.sql.Date is in module java.sql of loader 'platform')
	at pe.edu.pucp.squirlearn.daoImpl.item.CategoriaDaoImpl.incluirValorDeParametrosParaInsercion(CategoriaDaoImpl.java:34)
	at pe.edu.pucp.squirlearn.daoImpl.DAOImplBase.ejecuta_DML(DAOImplBase.java:105)
	at pe.edu.pucp.squirlearn.daoImpl.DAOImplBase.insertar(DAOImplBase.java:75)
	at pe.edu.pucp.squirlearn.daoImpl.item.CategoriaDaoImpl.insertar(CategoriaDaoImpl.java:85)
	at pe.edu.pucp.squirlearn.daoImpl.item.CategoriaDaoImpl.insertar(CategoriaDaoImpl.java:11)
	at pe.edu.pucp.squirlearn.dao.item.CategoriaDaoTest.insertarCategorias(CategoriaDaoTest.java:33)
	at pe.edu.pucp.squirlearn.dao.item.CategoriaDaoTest.testModificar(CategoriaDaoTest.java:92)
	at java.base/java.lang.reflect.Method.invoke(Method.java:565)
	at java.base/java.util.ArrayList.forEach(ArrayList.java:1604)
	at java.base/java.util.ArrayList.forEach(ArrayList.java:1604)
]]></error>
    <system-out><![CDATA[modificar
INSERT INTO categorias(NOMBRE, FECHA_CREACION, USUARIO_CREACION, FECHA_MODIFICACION, USUARIO_MODIFICACION) VALUES (?, ?, ?, ?, ?)
]]></system-out>
  </testcase>
  <testcase name="testObtenerPorId" classname="pe.edu.pucp.squirlearn.dao.item.CategoriaDaoTest" time="1.031">
    <error message="class java.util.Date cannot be cast to class java.sql.Date (java.util.Date is in module java.base of loader &apos;bootstrap&apos;; java.sql.Date is in module java.sql of loader &apos;platform&apos;)" type="java.lang.ClassCastException"><![CDATA[java.lang.ClassCastException: class java.util.Date cannot be cast to class java.sql.Date (java.util.Date is in module java.base of loader 'bootstrap'; java.sql.Date is in module java.sql of loader 'platform')
	at pe.edu.pucp.squirlearn.daoImpl.item.CategoriaDaoImpl.incluirValorDeParametrosParaInsercion(CategoriaDaoImpl.java:34)
	at pe.edu.pucp.squirlearn.daoImpl.DAOImplBase.ejecuta_DML(DAOImplBase.java:105)
	at pe.edu.pucp.squirlearn.daoImpl.DAOImplBase.insertar(DAOImplBase.java:75)
	at pe.edu.pucp.squirlearn.daoImpl.item.CategoriaDaoImpl.insertar(CategoriaDaoImpl.java:85)
	at pe.edu.pucp.squirlearn.daoImpl.item.CategoriaDaoImpl.insertar(CategoriaDaoImpl.java:11)
	at pe.edu.pucp.squirlearn.dao.item.CategoriaDaoTest.insertarCategorias(CategoriaDaoTest.java:33)
	at pe.edu.pucp.squirlearn.dao.item.CategoriaDaoTest.testObtenerPorId(CategoriaDaoTest.java:62)
	at java.base/java.lang.reflect.Method.invoke(Method.java:565)
	at java.base/java.util.ArrayList.forEach(ArrayList.java:1604)
	at java.base/java.util.ArrayList.forEach(ArrayList.java:1604)
]]></error>
    <system-out><![CDATA[obtenerPorId
INSERT INTO categorias(NOMBRE, FECHA_CREACION, USUARIO_CREACION, FECHA_MODIFICACION, USUARIO_MODIFICACION) VALUES (?, ?, ?, ?, ?)
]]></system-out>
  </testcase>
  <testcase name="testEliminar" classname="pe.edu.pucp.squirlearn.dao.item.CategoriaDaoTest" time="1.008">
    <error message="class java.util.Date cannot be cast to class java.sql.Date (java.util.Date is in module java.base of loader &apos;bootstrap&apos;; java.sql.Date is in module java.sql of loader &apos;platform&apos;)" type="java.lang.ClassCastException"><![CDATA[java.lang.ClassCastException: class java.util.Date cannot be cast to class java.sql.Date (java.util.Date is in module java.base of loader 'bootstrap'; java.sql.Date is in module java.sql of loader 'platform')
	at pe.edu.pucp.squirlearn.daoImpl.item.CategoriaDaoImpl.incluirValorDeParametrosParaInsercion(CategoriaDaoImpl.java:34)
	at pe.edu.pucp.squirlearn.daoImpl.DAOImplBase.ejecuta_DML(DAOImplBase.java:105)
	at pe.edu.pucp.squirlearn.daoImpl.DAOImplBase.insertar(DAOImplBase.java:75)
	at pe.edu.pucp.squirlearn.daoImpl.item.CategoriaDaoImpl.insertar(CategoriaDaoImpl.java:85)
	at pe.edu.pucp.squirlearn.daoImpl.item.CategoriaDaoImpl.insertar(CategoriaDaoImpl.java:11)
	at pe.edu.pucp.squirlearn.dao.item.CategoriaDaoTest.insertarCategorias(CategoriaDaoTest.java:33)
	at pe.edu.pucp.squirlearn.dao.item.CategoriaDaoTest.testEliminar(CategoriaDaoTest.java:110)
	at java.base/java.lang.reflect.Method.invoke(Method.java:565)
	at java.base/java.util.ArrayList.forEach(ArrayList.java:1604)
	at java.base/java.util.ArrayList.forEach(ArrayList.java:1604)
]]></error>
    <system-out><![CDATA[eliminar
INSERT INTO categorias(NOMBRE, FECHA_CREACION, USUARIO_CREACION, FECHA_MODIFICACION, USUARIO_MODIFICACION) VALUES (?, ?, ?, ?, ?)
]]></system-out>
  </testcase>
  <testcase name="testInsertar" classname="pe.edu.pucp.squirlearn.dao.item.CategoriaDaoTest" time="1.032">
    <error message="class java.util.Date cannot be cast to class java.sql.Date (java.util.Date is in module java.base of loader &apos;bootstrap&apos;; java.sql.Date is in module java.sql of loader &apos;platform&apos;)" type="java.lang.ClassCastException"><![CDATA[java.lang.ClassCastException: class java.util.Date cannot be cast to class java.sql.Date (java.util.Date is in module java.base of loader 'bootstrap'; java.sql.Date is in module java.sql of loader 'platform')
	at pe.edu.pucp.squirlearn.daoImpl.item.CategoriaDaoImpl.incluirValorDeParametrosParaInsercion(CategoriaDaoImpl.java:34)
	at pe.edu.pucp.squirlearn.daoImpl.DAOImplBase.ejecuta_DML(DAOImplBase.java:105)
	at pe.edu.pucp.squirlearn.daoImpl.DAOImplBase.insertar(DAOImplBase.java:75)
	at pe.edu.pucp.squirlearn.daoImpl.item.CategoriaDaoImpl.insertar(CategoriaDaoImpl.java:85)
	at pe.edu.pucp.squirlearn.daoImpl.item.CategoriaDaoImpl.insertar(CategoriaDaoImpl.java:11)
	at pe.edu.pucp.squirlearn.dao.item.CategoriaDaoTest.insertarCategorias(CategoriaDaoTest.java:33)
	at pe.edu.pucp.squirlearn.dao.item.CategoriaDaoTest.testInsertar(CategoriaDaoTest.java:22)
	at java.base/java.lang.reflect.Method.invoke(Method.java:565)
	at java.base/java.util.ArrayList.forEach(ArrayList.java:1604)
	at java.base/java.util.ArrayList.forEach(ArrayList.java:1604)
]]></error>
    <system-out><![CDATA[insertar
INSERT INTO categorias(NOMBRE, FECHA_CREACION, USUARIO_CREACION, FECHA_MODIFICACION, USUARIO_MODIFICACION) VALUES (?, ?, ?, ?, ?)
]]></system-out>
  </testcase>
  <testcase name="testListarTodos" classname="pe.edu.pucp.squirlearn.dao.item.CategoriaDaoTest" time="1.004">
    <error message="class java.util.Date cannot be cast to class java.sql.Date (java.util.Date is in module java.base of loader &apos;bootstrap&apos;; java.sql.Date is in module java.sql of loader &apos;platform&apos;)" type="java.lang.ClassCastException"><![CDATA[java.lang.ClassCastException: class java.util.Date cannot be cast to class java.sql.Date (java.util.Date is in module java.base of loader 'bootstrap'; java.sql.Date is in module java.sql of loader 'platform')
	at pe.edu.pucp.squirlearn.daoImpl.item.CategoriaDaoImpl.incluirValorDeParametrosParaInsercion(CategoriaDaoImpl.java:34)
	at pe.edu.pucp.squirlearn.daoImpl.DAOImplBase.ejecuta_DML(DAOImplBase.java:105)
	at pe.edu.pucp.squirlearn.daoImpl.DAOImplBase.insertar(DAOImplBase.java:75)
	at pe.edu.pucp.squirlearn.daoImpl.item.CategoriaDaoImpl.insertar(CategoriaDaoImpl.java:85)
	at pe.edu.pucp.squirlearn.daoImpl.item.CategoriaDaoImpl.insertar(CategoriaDaoImpl.java:11)
	at pe.edu.pucp.squirlearn.dao.item.CategoriaDaoTest.insertarCategorias(CategoriaDaoTest.java:33)
	at pe.edu.pucp.squirlearn.dao.item.CategoriaDaoTest.testListarTodos(CategoriaDaoTest.java:78)
	at java.base/java.lang.reflect.Method.invoke(Method.java:565)
	at java.base/java.util.ArrayList.forEach(ArrayList.java:1604)
	at java.base/java.util.ArrayList.forEach(ArrayList.java:1604)
]]></error>
    <system-out><![CDATA[listarTodos
INSERT INTO categorias(NOMBRE, FECHA_CREACION, USUARIO_CREACION, FECHA_MODIFICACION, USUARIO_MODIFICACION) VALUES (?, ?, ?, ?, ?)
]]></system-out>
  </testcase>
</testsuite>